<?xml version="1.0" encoding="UTF-8"?>
<!-- Generated by org.testng.reporters.JUnitReportReporter -->
<testsuite skipped="0" hostname="sagars-MBP" name="pages.launchbrowser" tests="1" failures="0" timestamp="2019-10-14T16:13:39 IST" time="2.121" errors="0">
  <testcase name="verifyHomepageTitle" time="2.121" classname="pages.launchbrowser"/>
</testsuite> <!-- pages.launchbrowser -->
