<?xml version="1.0" encoding="UTF-8"?>
<!-- Generated by org.testng.reporters.JUnitReportReporter -->
<testsuite skipped="0" hostname="sagars-MacBook-Pro.local" name="pages.TC1_VerifyPageTitle" tests="1" failures="0" timestamp="2019-10-14T18:12:01 IST" time="0.219" errors="0">
  <testcase name="testGooglePageTitleInIEBrowser" time="0.219" classname="pages.TC1_VerifyPageTitle"/>
</testsuite> <!-- pages.TC1_VerifyPageTitle -->
