<?xml version="1.0" encoding="UTF-8"?>
<!-- Generated by org.testng.reporters.JUnitReportReporter -->
<testsuite skipped="0" hostname="sagars-MacBook-Pro.local" name="TestCases.hyperlink" tests="1" failures="0" timestamp="2019-10-15T17:23:52 IST" time="33.400" errors="0">
  <testcase name="Hyperlink" time="33.400" classname="TestCases.hyperlink"/>
</testsuite> <!-- TestCases.hyperlink -->
